This is pdfTeX, Version 3.14159265-2.6-1.40.18 (TeX Live 2017) (preloaded format=pdflatex 2017.5.23)  19 JUN 2017 02:35
entering extended mode
 restricted \write18 enabled.
 %&-line parsing enabled.
**diplomski
(./diplomski.tex
LaTeX2e <2017-04-15>
Babel <3.10> and hyphenation patterns for 84 language(s) loaded.
(./fer.cls
Document Class: fer 
(/usr/local/texlive/2017/texmf-dist/tex/latex/base/report.cls
Document Class: report 2014/09/29 v1.4h Standard LaTeX document class
(/usr/local/texlive/2017/texmf-dist/tex/latex/base/size12.clo
File: size12.clo 2014/09/29 v1.4h Standard LaTeX file (size option)
)
\c@part=\count79
\c@chapter=\count80
\c@section=\count81
\c@subsection=\count82
\c@subsubsection=\count83
\c@paragraph=\count84
\c@subparagraph=\count85
\c@figure=\count86
\c@table=\count87
\abovecaptionskip=\skip41
\belowcaptionskip=\skip42
\bibindent=\dimen102
)
(/usr/local/texlive/2017/texmf-dist/tex/latex/geometry/geometry.sty
Package: geometry 2010/09/12 v5.6 Page Geometry

(/usr/local/texlive/2017/texmf-dist/tex/latex/graphics/keyval.sty
Package: keyval 2014/10/28 v1.15 key=value parser (DPC)
\KV@toks@=\toks14
)
(/usr/local/texlive/2017/texmf-dist/tex/generic/oberdiek/ifpdf.sty
Package: ifpdf 2017/03/15 v3.2 Provides the ifpdf switch
)
(/usr/local/texlive/2017/texmf-dist/tex/generic/oberdiek/ifvtex.sty
Package: ifvtex 2016/05/16 v1.6 Detect VTeX and its facilities (HO)
Package ifvtex Info: VTeX not detected.
)
(/usr/local/texlive/2017/texmf-dist/tex/generic/ifxetex/ifxetex.sty
Package: ifxetex 2010/09/12 v0.6 Provides ifxetex conditional
)
\Gm@cnth=\count88
\Gm@cntv=\count89
\c@Gm@tempcnt=\count90
\Gm@bindingoffset=\dimen103
\Gm@wd@mp=\dimen104
\Gm@odd@mp=\dimen105
\Gm@even@mp=\dimen106
\Gm@layoutwidth=\dimen107
\Gm@layoutheight=\dimen108
\Gm@layouthoffset=\dimen109
\Gm@layoutvoffset=\dimen110
\Gm@dimlist=\toks15
)
(/usr/local/texlive/2017/texmf-dist/tex/latex/base/inputenc.sty
Package: inputenc 2015/03/17 v1.2c Input encoding file
\inpenc@prehook=\toks16
\inpenc@posthook=\toks17

(/usr/local/texlive/2017/texmf-dist/tex/latex/base/utf8.def
File: utf8.def 2017/01/28 v1.1t UTF-8 support for inputenc
Now handling font encoding OML ...
... no UTF-8 mapping file for font encoding OML
Now handling font encoding T1 ...
... processing UTF-8 mapping file for font encoding T1

(/usr/local/texlive/2017/texmf-dist/tex/latex/base/t1enc.dfu
File: t1enc.dfu 2017/01/28 v1.1t UTF-8 support for inputenc
   defining Unicode char U+00A0 (decimal 160)
   defining Unicode char U+00A1 (decimal 161)
   defining Unicode char U+00A3 (decimal 163)
   defining Unicode char U+00AB (decimal 171)
   defining Unicode char U+00AD (decimal 173)
   defining Unicode char U+00BB (decimal 187)
   defining Unicode char U+00BF (decimal 191)
   defining Unicode char U+00C0 (decimal 192)
   defining Unicode char U+00C1 (decimal 193)
   defining Unicode char U+00C2 (decimal 194)
   defining Unicode char U+00C3 (decimal 195)
   defining Unicode char U+00C4 (decimal 196)
   defining Unicode char U+00C5 (decimal 197)
   defining Unicode char U+00C6 (decimal 198)
   defining Unicode char U+00C7 (decimal 199)
   defining Unicode char U+00C8 (decimal 200)
   defining Unicode char U+00C9 (decimal 201)
   defining Unicode char U+00CA (decimal 202)
   defining Unicode char U+00CB (decimal 203)
   defining Unicode char U+00CC (decimal 204)
   defining Unicode char U+00CD (decimal 205)
   defining Unicode char U+00CE (decimal 206)
   defining Unicode char U+00CF (decimal 207)
   defining Unicode char U+00D0 (decimal 208)
   defining Unicode char U+00D1 (decimal 209)
   defining Unicode char U+00D2 (decimal 210)
   defining Unicode char U+00D3 (decimal 211)
   defining Unicode char U+00D4 (decimal 212)
   defining Unicode char U+00D5 (decimal 213)
   defining Unicode char U+00D6 (decimal 214)
   defining Unicode char U+00D8 (decimal 216)
   defining Unicode char U+00D9 (decimal 217)
   defining Unicode char U+00DA (decimal 218)
   defining Unicode char U+00DB (decimal 219)
   defining Unicode char U+00DC (decimal 220)
   defining Unicode char U+00DD (decimal 221)
   defining Unicode char U+00DE (decimal 222)
   defining Unicode char U+00DF (decimal 223)
   defining Unicode char U+00E0 (decimal 224)
   defining Unicode char U+00E1 (decimal 225)
   defining Unicode char U+00E2 (decimal 226)
   defining Unicode char U+00E3 (decimal 227)
   defining Unicode char U+00E4 (decimal 228)
   defining Unicode char U+00E5 (decimal 229)
   defining Unicode char U+00E6 (decimal 230)
   defining Unicode char U+00E7 (decimal 231)
   defining Unicode char U+00E8 (decimal 232)
   defining Unicode char U+00E9 (decimal 233)
   defining Unicode char U+00EA (decimal 234)
   defining Unicode char U+00EB (decimal 235)
   defining Unicode char U+00EC (decimal 236)
   defining Unicode char U+00ED (decimal 237)
   defining Unicode char U+00EE (decimal 238)
   defining Unicode char U+00EF (decimal 239)
   defining Unicode char U+00F0 (decimal 240)
   defining Unicode char U+00F1 (decimal 241)
   defining Unicode char U+00F2 (decimal 242)
   defining Unicode char U+00F3 (decimal 243)
   defining Unicode char U+00F4 (decimal 244)
   defining Unicode char U+00F5 (decimal 245)
   defining Unicode char U+00F6 (decimal 246)
   defining Unicode char U+00F8 (decimal 248)
   defining Unicode char U+00F9 (decimal 249)
   defining Unicode char U+00FA (decimal 250)
   defining Unicode char U+00FB (decimal 251)
   defining Unicode char U+00FC (decimal 252)
   defining Unicode char U+00FD (decimal 253)
   defining Unicode char U+00FE (decimal 254)
   defining Unicode char U+00FF (decimal 255)
   defining Unicode char U+0100 (decimal 256)
   defining Unicode char U+0101 (decimal 257)
   defining Unicode char U+0102 (decimal 258)
   defining Unicode char U+0103 (decimal 259)
   defining Unicode char U+0104 (decimal 260)
   defining Unicode char U+0105 (decimal 261)
   defining Unicode char U+0106 (decimal 262)
   defining Unicode char U+0107 (decimal 263)
   defining Unicode char U+0108 (decimal 264)
   defining Unicode char U+0109 (decimal 265)
   defining Unicode char U+010A (decimal 266)
   defining Unicode char U+010B (decimal 267)
   defining Unicode char U+010C (decimal 268)
   defining Unicode char U+010D (decimal 269)
   defining Unicode char U+010E (decimal 270)
   defining Unicode char U+010F (decimal 271)
   defining Unicode char U+0110 (decimal 272)
   defining Unicode char U+0111 (decimal 273)
   defining Unicode char U+0112 (decimal 274)
   defining Unicode char U+0113 (decimal 275)
   defining Unicode char U+0114 (decimal 276)
   defining Unicode char U+0115 (decimal 277)
   defining Unicode char U+0116 (decimal 278)
   defining Unicode char U+0117 (decimal 279)
   defining Unicode char U+0118 (decimal 280)
   defining Unicode char U+0119 (decimal 281)
   defining Unicode char U+011A (decimal 282)
   defining Unicode char U+011B (decimal 283)
   defining Unicode char U+011C (decimal 284)
   defining Unicode char U+011D (decimal 285)
   defining Unicode char U+011E (decimal 286)
   defining Unicode char U+011F (decimal 287)
   defining Unicode char U+0120 (decimal 288)
   defining Unicode char U+0121 (decimal 289)
   defining Unicode char U+0122 (decimal 290)
   defining Unicode char U+0123 (decimal 291)
   defining Unicode char U+0124 (decimal 292)
   defining Unicode char U+0125 (decimal 293)
   defining Unicode char U+0128 (decimal 296)
   defining Unicode char U+0129 (decimal 297)
   defining Unicode char U+012A (decimal 298)
   defining Unicode char U+012B (decimal 299)
   defining Unicode char U+012C (decimal 300)
   defining Unicode char U+012D (decimal 301)
   defining Unicode char U+012E (decimal 302)
   defining Unicode char U+012F (decimal 303)
   defining Unicode char U+0130 (decimal 304)
   defining Unicode char U+0131 (decimal 305)
   defining Unicode char U+0132 (decimal 306)
   defining Unicode char U+0133 (decimal 307)
   defining Unicode char U+0134 (decimal 308)
   defining Unicode char U+0135 (decimal 309)
   defining Unicode char U+0136 (decimal 310)
   defining Unicode char U+0137 (decimal 311)
   defining Unicode char U+0139 (decimal 313)
   defining Unicode char U+013A (decimal 314)
   defining Unicode char U+013B (decimal 315)
   defining Unicode char U+013C (decimal 316)
   defining Unicode char U+013D (decimal 317)
   defining Unicode char U+013E (decimal 318)
   defining Unicode char U+0141 (decimal 321)
   defining Unicode char U+0142 (decimal 322)
   defining Unicode char U+0143 (decimal 323)
   defining Unicode char U+0144 (decimal 324)
   defining Unicode char U+0145 (decimal 325)
   defining Unicode char U+0146 (decimal 326)
   defining Unicode char U+0147 (decimal 327)
   defining Unicode char U+0148 (decimal 328)
   defining Unicode char U+014A (decimal 330)
   defining Unicode char U+014B (decimal 331)
   defining Unicode char U+014C (decimal 332)
   defining Unicode char U+014D (decimal 333)
   defining Unicode char U+014E (decimal 334)
   defining Unicode char U+014F (decimal 335)
   defining Unicode char U+0150 (decimal 336)
   defining Unicode char U+0151 (decimal 337)
   defining Unicode char U+0152 (decimal 338)
   defining Unicode char U+0153 (decimal 339)
   defining Unicode char U+0154 (decimal 340)
   defining Unicode char U+0155 (decimal 341)
   defining Unicode char U+0156 (decimal 342)
   defining Unicode char U+0157 (decimal 343)
   defining Unicode char U+0158 (decimal 344)
   defining Unicode char U+0159 (decimal 345)
   defining Unicode char U+015A (decimal 346)
   defining Unicode char U+015B (decimal 347)
   defining Unicode char U+015C (decimal 348)
   defining Unicode char U+015D (decimal 349)
   defining Unicode char U+015E (decimal 350)
   defining Unicode char U+015F (decimal 351)
   defining Unicode char U+0160 (decimal 352)
   defining Unicode char U+0161 (decimal 353)
   defining Unicode char U+0162 (decimal 354)
   defining Unicode char U+0163 (decimal 355)
   defining Unicode char U+0164 (decimal 356)
   defining Unicode char U+0165 (decimal 357)
   defining Unicode char U+0168 (decimal 360)
   defining Unicode char U+0169 (decimal 361)
   defining Unicode char U+016A (decimal 362)
   defining Unicode char U+016B (decimal 363)
   defining Unicode char U+016C (decimal 364)
   defining Unicode char U+016D (decimal 365)
   defining Unicode char U+016E (decimal 366)
   defining Unicode char U+016F (decimal 367)
   defining Unicode char U+0170 (decimal 368)
   defining Unicode char U+0171 (decimal 369)
   defining Unicode char U+0172 (decimal 370)
   defining Unicode char U+0173 (decimal 371)
   defining Unicode char U+0174 (decimal 372)
   defining Unicode char U+0175 (decimal 373)
   defining Unicode char U+0176 (decimal 374)
   defining Unicode char U+0177 (decimal 375)
   defining Unicode char U+0178 (decimal 376)
   defining Unicode char U+0179 (decimal 377)
   defining Unicode char U+017A (decimal 378)
   defining Unicode char U+017B (decimal 379)
   defining Unicode char U+017C (decimal 380)
   defining Unicode char U+017D (decimal 381)
   defining Unicode char U+017E (decimal 382)
   defining Unicode char U+01CD (decimal 461)
   defining Unicode char U+01CE (decimal 462)
   defining Unicode char U+01CF (decimal 463)
   defining Unicode char U+01D0 (decimal 464)
   defining Unicode char U+01D1 (decimal 465)
   defining Unicode char U+01D2 (decimal 466)
   defining Unicode char U+01D3 (decimal 467)
   defining Unicode char U+01D4 (decimal 468)
   defining Unicode char U+01E2 (decimal 482)
   defining Unicode char U+01E3 (decimal 483)
   defining Unicode char U+01E6 (decimal 486)
   defining Unicode char U+01E7 (decimal 487)
   defining Unicode char U+01E8 (decimal 488)
   defining Unicode char U+01E9 (decimal 489)
   defining Unicode char U+01EA (decimal 490)
   defining Unicode char U+01EB (decimal 491)
   defining Unicode char U+01F0 (decimal 496)
   defining Unicode char U+01F4 (decimal 500)
   defining Unicode char U+01F5 (decimal 501)
   defining Unicode char U+0218 (decimal 536)
   defining Unicode char U+0219 (decimal 537)
   defining Unicode char U+021A (decimal 538)
   defining Unicode char U+021B (decimal 539)
   defining Unicode char U+0232 (decimal 562)
   defining Unicode char U+0233 (decimal 563)
   defining Unicode char U+1E02 (decimal 7682)
   defining Unicode char U+1E03 (decimal 7683)
   defining Unicode char U+200C (decimal 8204)
   defining Unicode char U+2010 (decimal 8208)
   defining Unicode char U+2011 (decimal 8209)
   defining Unicode char U+2012 (decimal 8210)
   defining Unicode char U+2013 (decimal 8211)
   defining Unicode char U+2014 (decimal 8212)
   defining Unicode char U+2015 (decimal 8213)
   defining Unicode char U+2018 (decimal 8216)
   defining Unicode char U+2019 (decimal 8217)
   defining Unicode char U+201A (decimal 8218)
   defining Unicode char U+201C (decimal 8220)
   defining Unicode char U+201D (decimal 8221)
   defining Unicode char U+201E (decimal 8222)
   defining Unicode char U+2030 (decimal 8240)
   defining Unicode char U+2031 (decimal 8241)
   defining Unicode char U+2039 (decimal 8249)
   defining Unicode char U+203A (decimal 8250)
   defining Unicode char U+2423 (decimal 9251)
   defining Unicode char U+1E20 (decimal 7712)
   defining Unicode char U+1E21 (decimal 7713)
)
Now handling font encoding OT1 ...
... processing UTF-8 mapping file for font encoding OT1

(/usr/local/texlive/2017/texmf-dist/tex/latex/base/ot1enc.dfu
File: ot1enc.dfu 2017/01/28 v1.1t UTF-8 support for inputenc
   defining Unicode char U+00A0 (decimal 160)
   defining Unicode char U+00A1 (decimal 161)
   defining Unicode char U+00A3 (decimal 163)
   defining Unicode char U+00AD (decimal 173)
   defining Unicode char U+00B8 (decimal 184)
   defining Unicode char U+00BF (decimal 191)
   defining Unicode char U+00C5 (decimal 197)
   defining Unicode char U+00C6 (decimal 198)
   defining Unicode char U+00D8 (decimal 216)
   defining Unicode char U+00DF (decimal 223)
   defining Unicode char U+00E6 (decimal 230)
   defining Unicode char U+00EC (decimal 236)
   defining Unicode char U+00ED (decimal 237)
   defining Unicode char U+00EE (decimal 238)
   defining Unicode char U+00EF (decimal 239)
   defining Unicode char U+00F8 (decimal 248)
   defining Unicode char U+0131 (decimal 305)
   defining Unicode char U+0141 (decimal 321)
   defining Unicode char U+0142 (decimal 322)
   defining Unicode char U+0152 (decimal 338)
   defining Unicode char U+0153 (decimal 339)
   defining Unicode char U+0174 (decimal 372)
   defining Unicode char U+0175 (decimal 373)
   defining Unicode char U+0176 (decimal 374)
   defining Unicode char U+0177 (decimal 375)
   defining Unicode char U+0218 (decimal 536)
   defining Unicode char U+0219 (decimal 537)
   defining Unicode char U+021A (decimal 538)
   defining Unicode char U+021B (decimal 539)
   defining Unicode char U+2013 (decimal 8211)
   defining Unicode char U+2014 (decimal 8212)
   defining Unicode char U+2018 (decimal 8216)
   defining Unicode char U+2019 (decimal 8217)
   defining Unicode char U+201C (decimal 8220)
   defining Unicode char U+201D (decimal 8221)
)
Now handling font encoding OMS ...
... processing UTF-8 mapping file for font encoding OMS

(/usr/local/texlive/2017/texmf-dist/tex/latex/base/omsenc.dfu
File: omsenc.dfu 2017/01/28 v1.1t UTF-8 support for inputenc
   defining Unicode char U+00A7 (decimal 167)
   defining Unicode char U+00B6 (decimal 182)
   defining Unicode char U+00B7 (decimal 183)
   defining Unicode char U+2020 (decimal 8224)
   defining Unicode char U+2021 (decimal 8225)
   defining Unicode char U+2022 (decimal 8226)
)
Now handling font encoding OMX ...
... no UTF-8 mapping file for font encoding OMX
Now handling font encoding U ...
... no UTF-8 mapping file for font encoding U
   defining Unicode char U+00A9 (decimal 169)
   defining Unicode char U+00AA (decimal 170)
   defining Unicode char U+00AE (decimal 174)
   defining Unicode char U+00BA (decimal 186)
   defining Unicode char U+02C6 (decimal 710)
   defining Unicode char U+02DC (decimal 732)
   defining Unicode char U+200C (decimal 8204)
   defining Unicode char U+2026 (decimal 8230)
   defining Unicode char U+2122 (decimal 8482)
   defining Unicode char U+2423 (decimal 9251)
))
(/usr/local/texlive/2017/texmf-dist/tex/generic/babel/babel.sty
Package: babel 2017/05/19 3.10 The Babel package

(/usr/local/texlive/2017/texmf-dist/tex/generic/babel-croatian/croatian.ldf
Language: croatian 2014/03/31 v1.3m Croatian support from the babel system

(/usr/local/texlive/2017/texmf-dist/tex/generic/babel/babel.def
File: babel.def 2017/05/19 3.10 Babel common definitions
\babel@savecnt=\count91
\U@D=\dimen111
)))
(/usr/local/texlive/2017/texmf-dist/tex/latex/base/fontenc.sty
Package: fontenc 2017/04/05 v2.0i Standard LaTeX package

(/usr/local/texlive/2017/texmf-dist/tex/latex/base/t1enc.def
File: t1enc.def 2017/04/05 v2.0i Standard LaTeX file
LaTeX Font Info:    Redeclaring font encoding T1 on input line 48.
))
(/usr/local/texlive/2017/texmf-dist/tex/latex/graphics/graphicx.sty
Package: graphicx 2014/10/28 v1.0g Enhanced LaTeX Graphics (DPC,SPQR)

(/usr/local/texlive/2017/texmf-dist/tex/latex/graphics/graphics.sty
Package: graphics 2017/04/14 v1.1b Standard LaTeX Graphics (DPC,SPQR)

(/usr/local/texlive/2017/texmf-dist/tex/latex/graphics/trig.sty
Package: trig 2016/01/03 v1.10 sin cos tan (DPC)
)
(/usr/local/texlive/2017/texmf-dist/tex/latex/graphics-cfg/graphics.cfg
File: graphics.cfg 2016/06/04 v1.11 sample graphics configuration
)
Package graphics Info: Driver file: pdftex.def on input line 99.

(/usr/local/texlive/2017/texmf-dist/tex/latex/graphics-def/pdftex.def
File: pdftex.def 2017/01/12 v0.06k Graphics/color for pdfTeX

(/usr/local/texlive/2017/texmf-dist/tex/generic/oberdiek/infwarerr.sty
Package: infwarerr 2016/05/16 v1.4 Providing info/warning/error messages (HO)
)
(/usr/local/texlive/2017/texmf-dist/tex/generic/oberdiek/ltxcmds.sty
Package: ltxcmds 2016/05/16 v1.23 LaTeX kernel commands for general use (HO)
)
\Gread@gobject=\count92
))
\Gin@req@height=\dimen112
\Gin@req@width=\dimen113
)
(/usr/local/texlive/2017/texmf-dist/tex/latex/amsfonts/amssymb.sty
Package: amssymb 2013/01/14 v3.01 AMS font symbols

(/usr/local/texlive/2017/texmf-dist/tex/latex/amsfonts/amsfonts.sty
Package: amsfonts 2013/01/14 v3.01 Basic AMSFonts support
\@emptytoks=\toks18
\symAMSa=\mathgroup4
\symAMSb=\mathgroup5
LaTeX Font Info:    Overwriting math alphabet `\mathfrak' in version `bold'
(Font)                  U/euf/m/n --> U/euf/b/n on input line 106.
))
(/usr/local/texlive/2017/texmf-dist/tex/latex/amsmath/amsmath.sty
Package: amsmath 2016/11/05 v2.16a AMS math features
\@mathmargin=\skip43

For additional information on amsmath, use the `?' option.
(/usr/local/texlive/2017/texmf-dist/tex/latex/amsmath/amstext.sty
Package: amstext 2000/06/29 v2.01 AMS text

(/usr/local/texlive/2017/texmf-dist/tex/latex/amsmath/amsgen.sty
File: amsgen.sty 1999/11/30 v2.0 generic functions
\@emptytoks=\toks19
\ex@=\dimen114
))
(/usr/local/texlive/2017/texmf-dist/tex/latex/amsmath/amsbsy.sty
Package: amsbsy 1999/11/29 v1.2d Bold Symbols
\pmbraise@=\dimen115
)
(/usr/local/texlive/2017/texmf-dist/tex/latex/amsmath/amsopn.sty
Package: amsopn 2016/03/08 v2.02 operator names
)
\inf@bad=\count93
LaTeX Info: Redefining \frac on input line 213.
\uproot@=\count94
\leftroot@=\count95
LaTeX Info: Redefining \overline on input line 375.
\classnum@=\count96
\DOTSCASE@=\count97
LaTeX Info: Redefining \ldots on input line 472.
LaTeX Info: Redefining \dots on input line 475.
LaTeX Info: Redefining \cdots on input line 596.
\Mathstrutbox@=\box26
\strutbox@=\box27
\big@size=\dimen116
LaTeX Font Info:    Redeclaring font encoding OML on input line 712.
LaTeX Font Info:    Redeclaring font encoding OMS on input line 713.
\macc@depth=\count98
\c@MaxMatrixCols=\count99
\dotsspace@=\muskip10
\c@parentequation=\count100
\dspbrk@lvl=\count101
\tag@help=\toks20
\row@=\count102
\column@=\count103
\maxfields@=\count104
\andhelp@=\toks21
\eqnshift@=\dimen117
\alignsep@=\dimen118
\tagshift@=\dimen119
\tagwidth@=\dimen120
\totwidth@=\dimen121
\lineht@=\dimen122
\@envbody=\toks22
\multlinegap=\skip44
\multlinetaggap=\skip45
\mathdisplay@stack=\toks23
LaTeX Info: Redefining \[ on input line 2817.
LaTeX Info: Redefining \] on input line 2818.
)
(/usr/local/texlive/2017/texmf-dist/tex/latex/base/fixltx2e.sty
Package: fixltx2e 2016/12/29 v2.1a fixes to LaTeX (obsolete)
Applying: [2015/01/01] Old fixltx2e package on input line 46.


Package fixltx2e Warning: fixltx2e is not required with releases after 2015
(fixltx2e)                All fixes are now in the LaTeX kernel.
(fixltx2e)                See the latexrelease package for details.

Already applied: [0000/00/00] Old fixltx2e package on input line 53.
) (/usr/local/texlive/2017/texmf-dist/tex/latex/caption/caption.sty
Package: caption 2016/02/21 v3.3-144 Customizing captions (AR)

(/usr/local/texlive/2017/texmf-dist/tex/latex/caption/caption3.sty
Package: caption3 2016/05/22 v1.7-166 caption3 kernel (AR)
Package caption3 Info: TeX engine: e-TeX on input line 67.
\captionmargin=\dimen123
\captionmargin@=\dimen124
\captionwidth=\dimen125
\caption@tempdima=\dimen126
\caption@indent=\dimen127
\caption@parindent=\dimen128
\caption@hangindent=\dimen129
)
\c@ContinuedFloat=\count105
)
(/usr/local/texlive/2017/texmf-dist/tex/latex/base/ifthen.sty
Package: ifthen 2014/09/29 v1.1c Standard LaTeX ifthen package (DPC)
)
(/usr/local/texlive/2017/texmf-dist/tex/latex/url/url.sty
\Urlmuskip=\muskip11
Package: url 2013/09/16  ver 3.4  Verb mode for urls, etc.
)
(/usr/local/texlive/2017/texmf-dist/tex/latex/enumitem/enumitem.sty
Package: enumitem 2011/09/28 v3.5.2 Customized lists
\labelindent=\skip46
\enit@outerparindent=\dimen130
\enit@toks=\toks24
\enit@inbox=\box28
\enitdp@description=\count106
)
(/usr/local/texlive/2017/texmf-dist/tex/latex/tocbibind/tocbibind.sty
Package: tocbibind 2010/10/13 v1.5k extra ToC listings
Package tocbibind Info: The document has chapter divisions on input line 50.


Package tocbibind Note: Using chapter style headings, unless overridden.

) (/usr/local/texlive/2017/texmf-dist/tex/latex/psnfss/times.sty
Package: times 2005/04/12 PSNFSS-v9.2a (SPQR) 
)
(/usr/local/texlive/2017/texmf-dist/tex/latex/natbib/natbib.sty
Package: natbib 2010/09/13 8.31b (PWD, AO)
\bibhang=\skip47
\bibsep=\skip48
LaTeX Info: Redefining \cite on input line 694.
\c@NAT@ctr=\count107
)
\listindentation=\dimen131
)
(/usr/local/texlive/2017/texmf-dist/tex/latex/booktabs/booktabs.sty
Package: booktabs 2016/04/27 v1.618033 publication quality tables
\heavyrulewidth=\dimen132
\lightrulewidth=\dimen133
\cmidrulewidth=\dimen134
\belowrulesep=\dimen135
\belowbottomsep=\dimen136
\aboverulesep=\dimen137
\abovetopsep=\dimen138
\cmidrulesep=\dimen139
\cmidrulekern=\dimen140
\defaultaddspace=\dimen141
\@cmidla=\count108
\@cmidlb=\count109
\@aboverulesep=\dimen142
\@belowrulesep=\dimen143
\@thisruleclass=\count110
\@lastruleclass=\count111
\@thisrulewidth=\dimen144
)
(/usr/local/texlive/2017/texmf-dist/tex/latex/pdfpages/pdfpages.sty
Package: pdfpages 2017/01/14 v0.5h Insert pages of external PDF documents (AM)

(/usr/local/texlive/2017/texmf-dist/tex/latex/tools/calc.sty
Package: calc 2014/10/28 v4.3 Infix arithmetic (KKT,FJ)
\calc@Acount=\count112
\calc@Bcount=\count113
\calc@Adimen=\dimen145
\calc@Bdimen=\dimen146
\calc@Askip=\skip49
\calc@Bskip=\skip50
LaTeX Info: Redefining \setlength on input line 80.
LaTeX Info: Redefining \addtolength on input line 81.
\calc@Ccount=\count114
\calc@Cskip=\skip51
)
(/usr/local/texlive/2017/texmf-dist/tex/latex/eso-pic/eso-pic.sty
Package: eso-pic 2015/07/21 v2.0g eso-pic (RN)

(/usr/local/texlive/2017/texmf-dist/tex/generic/oberdiek/atbegshi.sty
Package: atbegshi 2016/06/09 v1.18 At begin shipout hook (HO)
)
(/usr/local/texlive/2017/texmf-dist/tex/latex/xcolor/xcolor.sty
Package: xcolor 2016/05/11 v2.12 LaTeX color extensions (UK)

(/usr/local/texlive/2017/texmf-dist/tex/latex/graphics-cfg/color.cfg
File: color.cfg 2016/01/02 v1.6 sample color configuration
)
Package xcolor Info: Driver file: pdftex.def on input line 225.
Package xcolor Info: Model `cmy' substituted by `cmy0' on input line 1348.
Package xcolor Info: Model `hsb' substituted by `rgb' on input line 1352.
Package xcolor Info: Model `RGB' extended on input line 1364.
Package xcolor Info: Model `HTML' substituted by `rgb' on input line 1366.
Package xcolor Info: Model `Hsb' substituted by `hsb' on input line 1367.
Package xcolor Info: Model `tHsb' substituted by `hsb' on input line 1368.
Package xcolor Info: Model `HSB' substituted by `hsb' on input line 1369.
Package xcolor Info: Model `Gray' substituted by `gray' on input line 1370.
Package xcolor Info: Model `wave' substituted by `hsb' on input line 1371.
))
\AM@pagewidth=\dimen147
\AM@pageheight=\dimen148

(/usr/local/texlive/2017/texmf-dist/tex/latex/pdfpages/pppdftex.def
File: pppdftex.def 2017/01/14 v0.5h Pdfpages driver for pdfTeX (AM)
)
\AM@pagebox=\box29
\AM@global@opts=\toks25
\AM@toc@title=\toks26
\c@AM@survey=\count115
\AM@templatesizebox=\box30
)
(/usr/local/texlive/2017/texmf-dist/tex/latex/caption/subcaption.sty
Package: subcaption 2016/05/22 v1.1-161 Sub-captions (AR)
\c@subfigure=\count116
\c@subtable=\count117
)
(/usr/local/texlive/2017/texmf-dist/tex/latex/listings/listings.sty
\lst@mode=\count118
\lst@gtempboxa=\box31
\lst@token=\toks27
\lst@length=\count119
\lst@currlwidth=\dimen149
\lst@column=\count120
\lst@pos=\count121
\lst@lostspace=\dimen150
\lst@width=\dimen151
\lst@newlines=\count122
\lst@lineno=\count123
\lst@maxwidth=\dimen152

(/usr/local/texlive/2017/texmf-dist/tex/latex/listings/lstmisc.sty
File: lstmisc.sty 2015/06/04 1.6 (Carsten Heinz)
\c@lstnumber=\count124
\lst@skipnumbers=\count125
\lst@framebox=\box32
)
(/usr/local/texlive/2017/texmf-dist/tex/latex/listings/listings.cfg
File: listings.cfg 2015/06/04 1.6 listings configuration
))
Package: listings 2015/06/04 1.6 (Carsten Heinz)

(/usr/local/texlive/2017/texmf-dist/tex/latex/appendix/appendix.sty
Package: appendix 2009/09/02 v1.2b extra appendix facilities
\c@@pps=\count126
\c@@ppsavesec=\count127
\c@@ppsaveapp=\count128
)
(./diplomski.aux)
\openout1 = `diplomski.aux'.

LaTeX Font Info:    Checking defaults for OML/cmm/m/it on input line 21.
LaTeX Font Info:    ... okay on input line 21.
LaTeX Font Info:    Checking defaults for T1/cmr/m/n on input line 21.
LaTeX Font Info:    ... okay on input line 21.
LaTeX Font Info:    Checking defaults for OT1/cmr/m/n on input line 21.
LaTeX Font Info:    ... okay on input line 21.
LaTeX Font Info:    Checking defaults for OMS/cmsy/m/n on input line 21.
LaTeX Font Info:    ... okay on input line 21.
LaTeX Font Info:    Checking defaults for OMX/cmex/m/n on input line 21.
LaTeX Font Info:    ... okay on input line 21.
LaTeX Font Info:    Checking defaults for U/cmr/m/n on input line 21.
LaTeX Font Info:    ... okay on input line 21.
LaTeX Font Info:    Try loading font information for T1+ptm on input line 21.
 (/usr/local/texlive/2017/texmf-dist/tex/latex/psnfss/t1ptm.fd
File: t1ptm.fd 2001/06/04 font definitions for T1/ptm.
)
*geometry* driver: auto-detecting
*geometry* detected driver: pdftex
*geometry* verbose mode - [ preamble ] result:
* driver: pdftex
* paper: a4paper
* layout: <same size as paper>
* layoutoffset:(h,v)=(0.0pt,0.0pt)
* modes: 
* h-part:(L,W,R)=(99.58464pt, 412.56497pt, 85.35826pt)
* v-part:(T,H,B)=(85.35826pt, 674.33032pt, 85.35826pt)
* \paperwidth=597.50787pt
* \paperheight=845.04684pt
* \textwidth=412.56497pt
* \textheight=674.33032pt
* \oddsidemargin=27.31465pt
* \evensidemargin=27.31465pt
* \topmargin=-23.91173pt
* \headheight=12.0pt
* \headsep=25.0pt
* \topskip=12.0pt
* \footskip=30.0pt
* \marginparwidth=44.0pt
* \marginparsep=10.0pt
* \columnsep=10.0pt
* \skip\footins=10.8pt plus 4.0pt minus 2.0pt
* \hoffset=0.0pt
* \voffset=0.0pt
* \mag=1000
* \@twocolumnfalse
* \@twosidefalse
* \@mparswitchfalse
* \@reversemarginfalse
* (1in=72.27pt=25.4mm, 1cm=28.453pt)

(/usr/local/texlive/2017/texmf-dist/tex/context/base/mkii/supp-pdf.mkii
[Loading MPS to PDF converter (version 2006.09.02).]
\scratchcounter=\count129
\scratchdimen=\dimen153
\scratchbox=\box33
\nofMPsegments=\count130
\nofMParguments=\count131
\everyMPshowfont=\toks28
\MPscratchCnt=\count132
\MPscratchDim=\dimen154
\MPnumerator=\count133
\makeMPintoPDFobject=\count134
\everyMPtoPDFconversion=\toks29
) (/usr/local/texlive/2017/texmf-dist/tex/generic/oberdiek/pdftexcmds.sty
Package: pdftexcmds 2017/03/19 v0.25 Utility functions of pdfTeX for LuaTeX (HO
)

(/usr/local/texlive/2017/texmf-dist/tex/generic/oberdiek/ifluatex.sty
Package: ifluatex 2016/05/16 v1.4 Provides the ifluatex switch (HO)
Package ifluatex Info: LuaTeX not detected.
)
Package pdftexcmds Info: LuaTeX not detected.
Package pdftexcmds Info: \pdf@primitive is available.
Package pdftexcmds Info: \pdf@ifprimitive is available.
Package pdftexcmds Info: \pdfdraftmode found.
)
(/usr/local/texlive/2017/texmf-dist/tex/latex/oberdiek/epstopdf-base.sty
Package: epstopdf-base 2016/05/15 v2.6 Base part for package epstopdf

(/usr/local/texlive/2017/texmf-dist/tex/latex/oberdiek/grfext.sty
Package: grfext 2016/05/16 v1.2 Manage graphics extensions (HO)

(/usr/local/texlive/2017/texmf-dist/tex/generic/oberdiek/kvdefinekeys.sty
Package: kvdefinekeys 2016/05/16 v1.4 Define keys (HO)
))
(/usr/local/texlive/2017/texmf-dist/tex/latex/oberdiek/kvoptions.sty
Package: kvoptions 2016/05/16 v3.12 Key value format for package options (HO)

(/usr/local/texlive/2017/texmf-dist/tex/generic/oberdiek/kvsetkeys.sty
Package: kvsetkeys 2016/05/16 v1.17 Key value parser (HO)

(/usr/local/texlive/2017/texmf-dist/tex/generic/oberdiek/etexcmds.sty
Package: etexcmds 2016/05/16 v1.6 Avoid name clashes with e-TeX commands (HO)
Package etexcmds Info: Could not find \expanded.
(etexcmds)             That can mean that you are not using pdfTeX 1.50 or
(etexcmds)             that some package has redefined \expanded.
(etexcmds)             In the latter case, load this package earlier.
)))
Package epstopdf-base Info: Redefining graphics rule for `.eps' on input line 4
38.
Package grfext Info: Graphics extension search list:
(grfext)             [.png,.pdf,.jpg,.mps,.jpeg,.jbig2,.jb2,.PNG,.PDF,.JPG,.JPE
G,.JBIG2,.JB2,.eps]
(grfext)             \AppendGraphicsExtensions on input line 456.

(/usr/local/texlive/2017/texmf-dist/tex/latex/latexconfig/epstopdf-sys.cfg
File: epstopdf-sys.cfg 2010/07/13 v1.3 Configuration of (r)epstopdf for TeX Liv
e
))
Package caption Info: Begin \AtBeginDocument code.
Package caption Info: listings package is loaded.
Package caption Info: End \AtBeginDocument code.
\AtBeginShipoutBox=\box34

(/usr/local/texlive/2017/texmf-dist/tex/latex/oberdiek/pdflscape.sty
Package: pdflscape 2016/05/14 v0.11 Display of landscape pages in PDF (HO)

(/usr/local/texlive/2017/texmf-dist/tex/latex/graphics/lscape.sty
Package: lscape 2000/10/22 v3.01 Landscape Pages (DPC)
)
Package pdflscape Info: Auto-detected driver: pdftex on input line 81.
)
\c@lstlisting=\count135
LaTeX Font Info:    Try loading font information for T1+phv on input line 29.

(/usr/local/texlive/2017/texmf-dist/tex/latex/psnfss/t1phv.fd
File: t1phv.fd 2001/06/04 scalable font definitions for T1/phv.
)
LaTeX Font Info:    Font shape `T1/ptm/bx/n' in size <14.4> not available
(Font)              Font shape `T1/ptm/b/n' tried instead on input line 29.
LaTeX Font Info:    Font shape `T1/phv/bx/n' in size <14.4> not available
(Font)              Font shape `T1/phv/b/n' tried instead on input line 29.
LaTeX Font Info:    Font shape `T1/ptm/bx/n' in size <24.88> not available
(Font)              Font shape `T1/ptm/b/n' tried instead on input line 29.
LaTeX Font Info:    Font shape `T1/phv/bx/n' in size <24.88> not available
(Font)              Font shape `T1/phv/b/n' tried instead on input line 29.
LaTeX Font Info:    Try loading font information for U+msa on input line 29.

(/usr/local/texlive/2017/texmf-dist/tex/latex/amsfonts/umsa.fd
File: umsa.fd 2013/01/14 v3.01 AMS symbols A
)
LaTeX Font Info:    Try loading font information for U+msb on input line 29.

(/usr/local/texlive/2017/texmf-dist/tex/latex/amsfonts/umsb.fd
File: umsb.fd 2013/01/14 v3.01 AMS symbols B
) [1

{/usr/local/texlive/2017/texmf-var/fonts/map/pdftex/updmap/pdftex.map}]
LaTeX Font Info:    Try loading font information for T1+pcr on input line 32.

(/usr/local/texlive/2017/texmf-dist/tex/latex/psnfss/t1pcr.fd
File: t1pcr.fd 2001/06/04 font definitions for T1/pcr.
) [1] [3]
(./diplomski.toc
LaTeX Font Info:    Font shape `T1/ptm/bx/n' in size <12> not available
(Font)              Font shape `T1/ptm/b/n' tried instead on input line 2.
 [4

])
\tf@toc=\write3
\openout3 = `diplomski.toc'.

 [5]
Poglavlje 1.
[1

] [2]
Poglavlje 2.
[3

] <images/CIFazes.png, id=35, 503.8825pt x 358.33875pt>
File: images/CIFazes.png Graphic file (type png)

<use images/CIFazes.png>
Package pdftex.def Info: images/CIFazes.png used on input line 84.
(pdftex.def)             Requested size: 302.33183pt x 215.0049pt.
LaTeX Font Info:    Font shape `T1/ptm/bx/n' in size <10.95> not available
(Font)              Font shape `T1/ptm/b/n' tried instead on input line 85.
 [4 <./images/CIFazes.png>]
LaTeX Font Info:    Font shape `T1/ptm/bx/n' in size <17.28> not available
(Font)              Font shape `T1/ptm/b/n' tried instead on input line 93.

<images/XcodeServerSetup1.png, id=41, 1038.88126pt x 653.44125pt>
File: images/XcodeServerSetup1.png Graphic file (type png)

<use images/XcodeServerSetup1.png>
Package pdftex.def Info: images/XcodeServerSetup1.png used on input line 107.
(pdftex.def)             Requested size: 363.61389pt x 228.70786pt.
 [5]
<images/XcodeServerSetup2.png, id=45, 1038.88126pt x 651.43375pt>
File: images/XcodeServerSetup2.png Graphic file (type png)

<use images/XcodeServerSetup2.png>
Package pdftex.def Info: images/XcodeServerSetup2.png used on input line 118.
(pdftex.def)             Requested size: 363.61389pt x 228.00522pt.

<images/DodavanjeCertifikata.png, id=46, 789.95125pt x 457.71pt>
File: images/DodavanjeCertifikata.png Graphic file (type png)

<use images/DodavanjeCertifikata.png>
Package pdftex.def Info: images/DodavanjeCertifikata.png used on input line 127
.
(pdftex.def)             Requested size: 315.9749pt x 183.08075pt.
 [6 <./images/XcodeServerSetup1.png>]
[7 <./images/XcodeServerSetup2.png> <./images/DodavanjeCertifikata.png>]
<images/BotServerSelection.png, id=57, 739.76375pt x 441.65pt>
File: images/BotServerSelection.png Graphic file (type png)

<use images/BotServerSelection.png>
Package pdftex.def Info: images/BotServerSelection.png used on input line 146.
(pdftex.def)             Requested size: 295.90025pt x 176.65686pt.
 [8 <./images/BotServerSelection.png>]
<images/BuildProcess.png, id=63, 191.71625pt x 395.4775pt>
File: images/BuildProcess.png Graphic file (type png)

<use images/BuildProcess.png>
Package pdftex.def Info: images/BuildProcess.png used on input line 167.
(pdftex.def)             Requested size: 95.85788pt x 197.73827pt.
 [9 <./images/BuildProcess.png>]
<images/VersioningTreeA.png, id=68, 75.78313pt x 435.6275pt>
File: images/VersioningTreeA.png Graphic file (type png)

<use images/VersioningTreeA.png>
Package pdftex.def Info: images/VersioningTreeA.png used on input line 184.
(pdftex.def)             Requested size: 30.3127pt x 174.24791pt.

<images/VersioningTreeB.png, id=69, 76.78688pt x 436.12938pt>
File: images/VersioningTreeB.png Graphic file (type png)

<use images/VersioningTreeB.png>
Package pdftex.def Info: images/VersioningTreeB.png used on input line 190.
(pdftex.def)             Requested size: 30.7142pt x 174.44865pt.

<images/VersioningTreeC.png, id=70, 76.78688pt x 436.63126pt>
File: images/VersioningTreeC.png Graphic file (type png)

<use images/VersioningTreeC.png>
Package pdftex.def Info: images/VersioningTreeC.png used on input line 196.
(pdftex.def)             Requested size: 30.7142pt x 174.6494pt.

<images/VersioningTree.png, id=71, 210.7875pt x 435.12563pt>
File: images/VersioningTree.png Graphic file (type png)

<use images/VersioningTree.png>
Package pdftex.def Info: images/VersioningTree.png used on input line 202.
(pdftex.def)             Requested size: 84.3135pt x 174.04716pt.
 [10 <./images/VersioningTreeA.png> <./images/VersioningTreeB.png> <./images/Ve
rsioningTreeC.png> <./images/VersioningTree.png>] [11] <images/Initial_commit.p
ng, id=82, 115.43124pt x 220.825pt>
File: images/Initial_commit.png Graphic file (type png)

<use images/Initial_commit.png>
Package pdftex.def Info: images/Initial_commit.png used on input line 235.
(pdftex.def)             Requested size: 69.25926pt x 132.496pt.

<images/Branching.png, id=83, 227.85126pt x 218.8175pt>
File: images/Branching.png Graphic file (type png)

<use images/Branching.png>
Package pdftex.def Info: images/Branching.png used on input line 241.
(pdftex.def)             Requested size: 136.71179pt x 131.2915pt.

<images/FastForwardA.png, id=84, 226.8475pt x 221.82875pt>
File: images/FastForwardA.png Graphic file (type png)

<use images/FastForwardA.png>
Package pdftex.def Info: images/FastForwardA.png used on input line 253.
(pdftex.def)             Requested size: 136.10954pt x 133.09825pt.

<images/FastForwardB.png, id=85, 131.49126pt x 222.8325pt>
File: images/FastForwardB.png Graphic file (type png)

<use images/FastForwardB.png>
Package pdftex.def Info: images/FastForwardB.png used on input line 259.
(pdftex.def)             Requested size: 78.89534pt x 133.70053pt.
 [12 <./images/Initial_commit.png> <./images/Branching.png>] <images/ConflictA.
png, id=91, 219.82124pt x 299.1175pt>
File: images/ConflictA.png Graphic file (type png)

<use images/ConflictA.png>
Package pdftex.def Info: images/ConflictA.png used on input line 277.
(pdftex.def)             Requested size: 131.89375pt x 179.47188pt.

<images/ConflictB.png, id=92, 218.8175pt x 299.1175pt>
File: images/ConflictB.png Graphic file (type png)

<use images/ConflictB.png>
Package pdftex.def Info: images/ConflictB.png used on input line 283.
(pdftex.def)             Requested size: 131.2915pt x 179.47188pt.
 [13 <./images/FastForwardA.png> <./images/FastForwardB.png>] <images/RebaseA.p
ng, id=98, 223.83624pt x 299.1175pt>
File: images/RebaseA.png Graphic file (type png)

<use images/RebaseA.png>
Package pdftex.def Info: images/RebaseA.png used on input line 297.
(pdftex.def)             Requested size: 111.91785pt x 149.55838pt.

<images/RebaseB.png, id=99, 223.83624pt x 300.12125pt>
File: images/RebaseB.png Graphic file (type png)

<use images/RebaseB.png>
Package pdftex.def Info: images/RebaseB.png used on input line 303.
(pdftex.def)             Requested size: 111.91785pt x 150.06026pt.

<images/RebaseC.png, id=100, 123.46124pt x 300.12125pt>
File: images/RebaseC.png Graphic file (type png)

<use images/RebaseC.png>
Package pdftex.def Info: images/RebaseC.png used on input line 309.
(pdftex.def)             Requested size: 61.73045pt x 150.06026pt.
 [14 <./images/ConflictA.png> <./images/ConflictB.png> <./images/RebaseA.png> <
./images/RebaseB.png> <./images/RebaseC.png>]
<images/FeatureBranch.png, id=110, 566.115pt x 292.09125pt>
File: images/FeatureBranch.png Graphic file (type png)

<use images/FeatureBranch.png>
Package pdftex.def Info: images/FeatureBranch.png used on input line 332.
(pdftex.def)             Requested size: 283.05681pt x 146.04526pt.
 [15]
<images/Gitflow.png, id=114, 700.6175pt x 428.60126pt>
File: images/Gitflow.png Graphic file (type png)

<use images/Gitflow.png>
Package pdftex.def Info: images/Gitflow.png used on input line 345.
(pdftex.def)             Requested size: 350.30789pt x 214.3001pt.
 [16 <./images/FeatureBranch.png>] [17 <./images/Gitflow.png>]
Overfull \hbox (9.67096pt too wide) in paragraph at lines 366--367
[]\T1/ptm/m/n/12 HTTPS auten-ti-fi-ka-cija pris-tup kon-tro-lira ko-ri-²te-njem
 je-dins-tve-nog ko-ris-ni£-kog imena
 []

<images/BotAddingSSH.png, id=123, 743.77875pt x 440.64626pt>
File: images/BotAddingSSH.png Graphic file (type png)

<use images/BotAddingSSH.png>
Package pdftex.def Info: images/BotAddingSSH.png used on input line 374.
(pdftex.def)             Requested size: 371.88846pt x 220.32259pt.
 [18]
<images/CIStartConfig.png, id=127, 736.7525pt x 460.72125pt>
File: images/CIStartConfig.png Graphic file (type png)

<use images/CIStartConfig.png>
Package pdftex.def Info: images/CIStartConfig.png used on input line 383.
(pdftex.def)             Requested size: 368.37535pt x 230.36006pt.
 [19 <./images/BotAddingSSH.png> <./images/CIStartConfig.png>] <images/GitHubSS
H.png, id=133, 1010.77625pt x 850.17625pt>
File: images/GitHubSSH.png Graphic file (type png)

<use images/GitHubSSH.png>
Package pdftex.def Info: images/GitHubSSH.png used on input line 398.
(pdftex.def)             Requested size: 303.23521pt x 255.05484pt.
 [20 <./images/GitHubSSH.png>] [21]
<images/XcodeConfigurations.png, id=142, 575.14874pt x 233.87375pt>
File: images/XcodeConfigurations.png Graphic file (type png)

<use images/XcodeConfigurations.png>
Package pdftex.def Info: images/XcodeConfigurations.png used on input line 461.

(pdftex.def)             Requested size: 402.60138pt x 163.71048pt.
 [22 <./images/XcodeConfigurations.png>]
[23] [24]
Overfull \hbox (1.88768pt too wide) in paragraph at lines 551--552
 \T1/ptm/b/n/12 Auto-ma-ti-za-cija do-hva-¢a-nja ovis-nosti[] \T1/ptm/m/n/12 Ob
je skripte je po-trebno po-kre-nuti prije obav-
 []

<images/PreIntegrationScript.png, id=153, 741.77126pt x 444.66125pt>
File: images/PreIntegrationScript.png Graphic file (type png)

<use images/PreIntegrationScript.png>
Package pdftex.def Info: images/PreIntegrationScript.png used on input line 555
.
(pdftex.def)             Requested size: 370.88472pt x 222.33008pt.
 [25 <./images/PreIntegrationScript.png>]
[26] <images/TargetScheme.png, id=162, 633.36626pt x 239.89626pt>
File: images/TargetScheme.png Graphic file (type png)

<use images/TargetScheme.png>
Package pdftex.def Info: images/TargetScheme.png used on input line 600.
(pdftex.def)             Requested size: 316.68236pt x 119.94783pt.

<images/XcodeServerOptions.png, id=163, 740.7675pt x 437.635pt>
File: images/XcodeServerOptions.png Graphic file (type png)

<use images/XcodeServerOptions.png>
Package pdftex.def Info: images/XcodeServerOptions.png used on input line 611.
(pdftex.def)             Requested size: 370.38284pt x 218.81696pt.

<images/XcodeServerResult.png, id=164, 872.25874pt x 415.5525pt>
File: images/XcodeServerResult.png Graphic file (type png)

<use images/XcodeServerResult.png>
Package pdftex.def Info: images/XcodeServerResult.png used on input line 618.
(pdftex.def)             Requested size: 436.1283pt x 207.77574pt.

Overfull \hbox (23.56332pt too wide) in paragraph at lines 618--619
 [][] 
 []

[27 <./images/TargetScheme.png>] [28 <./images/XcodeServerOptions.png> <./image
s/XcodeServerResult.png>]
<images/XcodeServerSingleIntegration.png, id=174, 964.60374pt x 546.04pt>
File: images/XcodeServerSingleIntegration.png Graphic file (type png)

<use images/XcodeServerSingleIntegration.png>
Package pdftex.def Info: images/XcodeServerSingleIntegration.png used on input 
line 635.
(pdftex.def)             Requested size: 385.83466pt x 218.41212pt.
 [29 <./images/XcodeServerSingleIntegration.png>] [30]
<images/XcodeServerTestAction.png, id=182, 731.73375pt x 461.725pt>
File: images/XcodeServerTestAction.png Graphic file (type png)

<use images/XcodeServerTestAction.png>
Package pdftex.def Info: images/XcodeServerTestAction.png used on input line 66
6.
(pdftex.def)             Requested size: 365.86598pt x 230.86194pt.

<images/XcodeServerTestDevices.png, id=183, 730.73pt x 459.7175pt>
File: images/XcodeServerTestDevices.png Graphic file (type png)

<use images/XcodeServerTestDevices.png>
Package pdftex.def Info: images/XcodeServerTestDevices.png used on input line 6
73.
(pdftex.def)             Requested size: 365.3641pt x 229.85818pt.

<images/XcodeServerTestResult.png, id=184, 956.57375pt x 436.63126pt>
File: images/XcodeServerTestResult.png Graphic file (type png)

<use images/XcodeServerTestResult.png>
Package pdftex.def Info: images/XcodeServerTestResult.png used on input line 68
6.
(pdftex.def)             Requested size: 382.62271pt x 174.6494pt.
 [31 <./images/XcodeServerTestAction.png>]
Overfull \hbox (41.97647pt too wide) in paragraph at lines 691--692
[]\T1/ptm/m/n/12 Rezultati obav-lja-nja tes-tova su ta-ko-žer na po-£et-nom ekr
anu bota u sek-ciji [][]\T1/pcr/m/n/12 Test History[]\T1/ptm/m/n/12 .
 []

[32 <./images/XcodeServerTestDevices.png> <./images/XcodeServerTestResult.png>]
<images/XcodeServerTestCoverage.png, id=195, 933.4875pt x 140.525pt>
File: images/XcodeServerTestCoverage.png Graphic file (type png)

<use images/XcodeServerTestCoverage.png>
Package pdftex.def Info: images/XcodeServerTestCoverage.png used on input line 
710.
(pdftex.def)             Requested size: 420.06549pt x 63.23566pt.

Overfull \hbox (7.50052pt too wide) in paragraph at lines 710--711
 [][] 
 []


LaTeX Warning: `!h' float specifier changed to `!ht'.

[33] [34 <./images/XcodeServerTestCoverage.png>]
Poglavlje 3.
[35

] <images/ContinuousDelivery.png, id=206, 177.66376pt x 310.15875pt>
File: images/ContinuousDelivery.png Graphic file (type png)

<use images/ContinuousDelivery.png>
Package pdftex.def Info: images/ContinuousDelivery.png used on input line 754.
(pdftex.def)             Requested size: 106.59906pt x 186.09668pt.
 [36 <./images/ContinuousDelivery.png>]
[37] <images/CodeSigning.png, id=214, 199.74625pt x 303.1325pt>
File: images/CodeSigning.png Graphic file (type png)

<use images/CodeSigning.png>
Package pdftex.def Info: images/CodeSigning.png used on input line 781.
(pdftex.def)             Requested size: 119.84866pt x 181.8809pt.
 [38 <./images/CodeSigning.png>]
Overfull \hbox (0.155pt too wide) in paragraph at lines 792--793
[]\T1/ptm/m/n/12 Automatizaciju kon-fi-gu-ra-cije pro-jekta je naj-lak²e os-tva
-riti de-fi-ni-ra-njem sheme ime-
 []

[39] [40] [41] [42] [43] [44]
Poglavlje 4.
<images/CDDifferences.png, id=239, 722.7pt x 286.06876pt>
File: images/CDDifferences.png Graphic file (type png)

<use images/CDDifferences.png>
Package pdftex.def Info: images/CDDifferences.png used on input line 875.
(pdftex.def)             Requested size: 397.48622pt x 157.3383pt.

Overfull \hbox (1.94426pt too wide) in paragraph at lines 880--881
[]\T1/ptm/m/n/12 Kontinuirana is-po-ruka auto-mat-skom is-po-ru-kom pro-mjena u
 pro-duk-ciju nas-toji sma-
 []

<images/IntercomShipsPerDay.png, id=240, 521.95pt x 187.70125pt>
File: images/IntercomShipsPerDay.png Graphic file (type png)

<use images/IntercomShipsPerDay.png>
Package pdftex.def Info: images/IntercomShipsPerDay.png used on input line 884.

(pdftex.def)             Requested size: 365.3625pt x 131.38997pt.
 [45

 <./images/CDDifferences.png>]
<images/DeploymentStages.png, id=246, 685.56125pt x 319.1925pt>
File: images/DeploymentStages.png Graphic file (type png)

<use images/DeploymentStages.png>
Package pdftex.def Info: images/DeploymentStages.png used on input line 897.
(pdftex.def)             Requested size: 411.33992pt x 191.51697pt.
 [46 <./images/IntercomShipsPerDay.png> <./images/DeploymentStages.png>] [47] [
48]
<images/FeatureBranchCD.png, id=258, 695.59875pt x 400.49625pt>
File: images/FeatureBranchCD.png Graphic file (type png)

<use images/FeatureBranchCD.png>
Package pdftex.def Info: images/FeatureBranchCD.png used on input line 936.
(pdftex.def)             Requested size: 347.79852pt x 200.24763pt.
 [49 <./images/FeatureBranchCD.png>]
<images/GitFlowCD.png, id=263, 780.9175pt x 518.93875pt>
File: images/GitFlowCD.png Graphic file (type png)

<use images/GitFlowCD.png>
Package pdftex.def Info: images/GitFlowCD.png used on input line 953.
(pdftex.def)             Requested size: 390.4578pt x 259.46873pt.

<images/HotfixGitflow.png, id=264, 477.785pt x 400.49625pt>
File: images/HotfixGitflow.png Graphic file (type png)

<use images/HotfixGitflow.png>
Package pdftex.def Info: images/HotfixGitflow.png used on input line 960.
(pdftex.def)             Requested size: 238.8919pt x 200.24763pt.
 [50 <./images/GitFlowCD.png>]
Overfull \hbox (2.69272pt too wide) in paragraph at lines 974--975
\T1/ptm/m/n/12 Zbog na-ve-de-nog se umjesto broja upo-zo-re-nja £esto ko-ris-ti
m [][]\T1/pcr/m/n/12 XCS_WARNING_CHANGE
 []

[51 <./images/HotfixGitflow.png>] [52]
Poglavlje 5.
(./diplomski.bbl [53

]
Underfull \hbox (badness 5667) in paragraph at lines 9--14
[]\T1/ptm/m/n/12 Apple.  xco-de-bu-ild, 2013.  URL $\T1/pcr/m/n/12 https : / / 
developer . apple .
 []


Underfull \hbox (badness 10000) in paragraph at lines 9--14
\T1/pcr/m/n/12 com / legacy / library / documentation / Darwin / Reference /
 []


Overfull \hbox (23.00171pt too wide) in paragraph at lines 29--34
\T1/pcr/m/n/12 continuous-[]delivery-[]vs-[]continuous-[]deployment-[]what-[]s-
[]diff$\T1/ptm/m/n/12 .
 []


Underfull \hbox (badness 10000) in paragraph at lines 36--41
[]\T1/ptm/m/n/12 Intercom.  Why con-ti-nu-ous de-ployment just ke-eps on gi-
 []


Underfull \hbox (badness 10000) in paragraph at lines 36--41
\T1/ptm/m/n/12 ving, 2015.  URL $\T1/pcr/m/n/12 https : / / blog . intercom . c
om /
 []


Underfull \hbox (badness 10000) in paragraph at lines 36--41
\T1/pcr/m/n/12 why-[]continuous-[]deployment-[]just-[]keeps-[]on-[]giving/$\T1/
ptm/m/n/12 .
 []

[54

]
Underfull \hbox (badness 1014) in paragraph at lines 116--121
\T1/ptm/m/n/12 URL $\T1/pcr/m/n/12 https : / / en . wikipedia . org / wiki / Co
ntinuous _ delivery$\T1/ptm/m/n/12 .
 []


Underfull \hbox (badness 1014) in paragraph at lines 130--135
\T1/ptm/m/n/12 URL $\T1/pcr/m/n/12 https : / / en . wikipedia . org / wiki / So
ftware _ versioning$\T1/ptm/m/n/12 .
 []


Underfull \hbox (badness 1902) in paragraph at lines 137--142
\T1/pcr/m/n/12 https : / / en . wikipedia . org / wiki / Version _ control$\T1/
ptm/m/n/12 .  [Online;
 []

) [55] [56] [57


]
Dodatak A.
[58

]
<images/AppleDeveloperCertificateCreation.png, id=296, 689.57625pt x 361.35pt>
File: images/AppleDeveloperCertificateCreation.png Graphic file (type png)

<use images/AppleDeveloperCertificateCreation.png>
Package pdftex.def Info: images/AppleDeveloperCertificateCreation.png used on i
nput line 1063.
(pdftex.def)             Requested size: 275.8256pt x 144.53743pt.

<images/KeychainAccessRequest.png, id=297, 872.25874pt x 285.065pt>
File: images/KeychainAccessRequest.png Graphic file (type png)

<use images/KeychainAccessRequest.png>
Package pdftex.def Info: images/KeychainAccessRequest.png used on input line 10
76.
(pdftex.def)             Requested size: 348.89731pt x 114.02397pt.
 [59 <./images/AppleDeveloperCertificateCreation.png>] <images/PrivateKeyExport
.png, id=302, 884.30376pt x 204.765pt>
File: images/PrivateKeyExport.png Graphic file (type png)

<use images/PrivateKeyExport.png>
Package pdftex.def Info: images/PrivateKeyExport.png used on input line 1089.
(pdftex.def)             Requested size: 353.71524pt x 81.90454pt.
 [60 <./images/KeychainAccessRequest.png> <./images/PrivateKeyExport.png>]
<images/AppIdentifierCreation.png, id=308, 979.66pt x 612.2875pt>
File: images/AppIdentifierCreation.png Graphic file (type png)

<use images/AppIdentifierCreation.png>
Package pdftex.def Info: images/AppIdentifierCreation.png used on input line 11
00.
(pdftex.def)             Requested size: 391.85706pt x 244.91066pt.

<images/SigningArtefactsSetup.png, id=309, 490.83376pt x 247.92625pt>
File: images/SigningArtefactsSetup.png Graphic file (type png)

<use images/SigningArtefactsSetup.png>
Package pdftex.def Info: images/SigningArtefactsSetup.png used on input line 11
09.
(pdftex.def)             Requested size: 294.50252pt x 148.7569pt.
 [61 <./images/AppIdentifierCreation.png> <./images/SigningArtefactsSetup.png>]

<images/iTunesUUID.png, id=315, 662.475pt x 215.80624pt>
File: images/iTunesUUID.png Graphic file (type png)

<use images/iTunesUUID.png>
Package pdftex.def Info: images/iTunesUUID.png used on input line 1122.
(pdftex.def)             Requested size: 331.2367pt x 107.90285pt.

<images/XcodeArchiveOptions.png, id=316, 589.20125pt x 358.33875pt>
File: images/XcodeArchiveOptions.png Graphic file (type png)

<use images/XcodeArchiveOptions.png>
Package pdftex.def Info: images/XcodeArchiveOptions.png used on input line 1139
.
(pdftex.def)             Requested size: 294.5999pt x 179.16893pt.
 [62 <./images/iTunesUUID.png>] [63 <./images/XcodeArchiveOptions.png>]
Overfull \hbox (3.51799pt too wide) in paragraph at lines 1181--1182
[]\T1/ptm/m/n/12 Kreiranje pro-fila se obav-lja na $\T1/pcr/m/n/12 https : / / 
itunesconnect . apple . com/$ \T1/ptm/m/n/12 stra-
 []

<images/iTunesConnectAppCreation.png, id=326, 470.75874pt x 541.02126pt>
File: images/iTunesConnectAppCreation.png Graphic file (type png)

<use images/iTunesConnectAppCreation.png>
Package pdftex.def Info: images/iTunesConnectAppCreation.png used on input line
 1185.
(pdftex.def)             Requested size: 188.30016pt x 216.40466pt.
 [64] [65 <./images/iTunesConnectAppCreation.png>] [66] [67]
Overfull \hbox (0.71437pt too wide) in paragraph at lines 1258--1259
\T1/ptm/m/n/12 nicu $\T1/pcr/m/n/12 https : / / www . fabric . io / settings / 
organizations$\T1/ptm/m/n/12 . Na-kon pri-jave
 []

<images/FabricKeys.png, id=340, 674.52pt x 347.2975pt>
File: images/FabricKeys.png Graphic file (type png)

<use images/FabricKeys.png>
Package pdftex.def Info: images/FabricKeys.png used on input line 1262.
(pdftex.def)             Requested size: 337.25917pt x 173.64832pt.
 [68 <./images/FabricKeys.png>] [69]
<images/ModificiraniGitflowTokRaka.png, id=349, 975.645pt x 643.40375pt>
File: images/ModificiraniGitflowTokRaka.png Graphic file (type png)

<use images/ModificiraniGitflowTokRaka.png>
Package pdftex.def Info: images/ModificiraniGitflowTokRaka.png used on input li
ne 1307.
(pdftex.def)             Requested size: 390.25108pt x 257.35693pt.
 [70]
<images/MultipleBots.png, id=353, 396.48125pt x 107.40125pt>
File: images/MultipleBots.png Graphic file (type png)

<use images/MultipleBots.png>
Package pdftex.def Info: images/MultipleBots.png used on input line 1331.
(pdftex.def)             Requested size: 277.53497pt x 75.18034pt.
 [71 <./images/ModificiraniGitflowTokRaka.png> <./images/MultipleBots.png>]
<images/BotConfiguration.png, id=359, 737.75626pt x 463.7325pt>
File: images/BotConfiguration.png Graphic file (type png)

<use images/BotConfiguration.png>
Package pdftex.def Info: images/BotConfiguration.png used on input line 1356.
(pdftex.def)             Requested size: 368.87723pt x 231.86568pt.
 [72 <./images/BotConfiguration.png>] [73]
Dodatak B.
[74

]
Overfull \hbox (8.79755pt too wide) in paragraph at lines 1437--1438
[]\T1/ptm/m/n/12 Provjeru po-kri-ve-nosti koda do-bi-vamo ko-ris-te¢i pa-ra-me-
tar [][]\T1/pcr/m/n/12 -showBuildSettings
 []

[75] [76]
Dodatak C.
[77

] [78] [79]
Dodatak D.
[80

] (./diplomski.aux) ) 
Here is how much of TeX's memory you used:
 9418 strings out of 492995
 136125 string characters out of 6132704
 241818 words of memory out of 5000000
 12722 multiletter control sequences out of 15000+600000
 62260 words of font info for 81 fonts, out of 8000000 for 9000
 1141 hyphenation exceptions out of 8191
 43i,9n,42p,1236b,1574s stack positions out of 5000i,500n,10000p,200000b,80000s
{/usr/local/texlive/2017/texmf-dist/fonts/enc/dvips/base/8
r.enc}</usr/local/texlive/2017/texmf-dist/fonts/type1/urw/courier/ucrr8a.pfb></
usr/local/texlive/2017/texmf-dist/fonts/type1/urw/courier/ucrro8a.pfb></usr/loc
al/texlive/2017/texmf-dist/fonts/type1/urw/helvetic/uhvb8a.pfb></usr/local/texl
ive/2017/texmf-dist/fonts/type1/urw/helvetic/uhvr8a.pfb></usr/local/texlive/201
7/texmf-dist/fonts/type1/urw/times/utmb8a.pfb></usr/local/texlive/2017/texmf-di
st/fonts/type1/urw/times/utmr8a.pfb></usr/local/texlive/2017/texmf-dist/fonts/t
ype1/urw/times/utmr8a.pfb></usr/local/texlive/2017/texmf-dist/fonts/type1/urw/t
imes/utmri8a.pfb>
Output written on diplomski.pdf (85 pages, 2305047 bytes).
PDF statistics:
 422 PDF objects out of 1000 (max. 8388607)
 216 compressed objects within 3 object streams
 0 named destinations out of 1000 (max. 500000)
 271 words of extra memory for PDF output out of 10000 (max. 10000000)

